<?xml version="1.0" encoding="UTF-8"?>
<!-- Generated by org.testng.reporters.JUnitReportReporter -->
<testsuite hostname="fv-az47-674" failures="0" tests="2" name="runner.TestRunner" time="4.983" errors="0" timestamp="2021-04-28T07:06:41 UTC" skipped="0">
  <testcase classname="runner.TestRunner" name="runScenario" time="3.965"/>
  <system-out/>
  <testcase classname="runner.TestRunner" name="runScenario" time="1.018"/>
  <system-out/>
</testsuite> <!-- runner.TestRunner -->
