<?xml version="1.0" encoding="UTF-8"?>
<!-- Generated by org.testng.reporters.JUnitReportReporter -->
<testsuite hostname="fv-az82-330" failures="0" tests="2" name="runner.TestRunner" time="4.772" errors="0" timestamp="2021-04-27T11:44:49 UTC" skipped="0">
  <testcase classname="runner.TestRunner" name="runScenario" time="0.745"/>
  <system-out/>
  <testcase classname="runner.TestRunner" name="runScenario" time="4.027"/>
  <system-out/>
</testsuite> <!-- runner.TestRunner -->
