<?xml version="1.0" encoding="UTF-8"?>
<!-- Generated by org.testng.reporters.JUnitReportReporter -->
<testsuite hostname="fv-az83-242" failures="0" tests="2" name="runner.TestRunner" time="18.883" errors="0" timestamp="2021-04-28T10:43:46 UTC" skipped="0">
  <testcase classname="runner.TestRunner" name="runScenario" time="18.180"/>
  <system-out/>
  <testcase classname="runner.TestRunner" name="runScenario" time="0.703"/>
  <system-out/>
</testsuite> <!-- runner.TestRunner -->
